<testsuite failures="0" name="src/test/java/com/spotify/endtoend.feature" skipped="0" tests="1" time="60.675597">
  <testcase classname="src.test.java.com.spotify.endtoend" name="1" time="60.675597">
    <system-out>* configure driver = {type: 'chromedriver', executable:'src\\test\\resources\\chromedriver.exe'} . passed
* def urlHome = 'https://open.spotify.com/' ............................... passed
* def userid = '31pwtnpkdgtcxrud2smuljfb3qzi' ............................. passed
* def playlistid1 = '37i9dQZEVXbMDoHDwVN2tF' .............................. passed
* def token = 'Bearer BQCSr_ndoCaXkU5v02WyCcf00aLba8m90ZX6sISuhNgxAXvO0uPNdXO5_DpzngncTQhitlbdlXjqYgwy7WU7W7pg7oS1etRlYNav7rtQJCPtBfexVcaHJMQxp_LWMfHSKRSGN4QlfMjXNIUegk7ICGg4ytLiN7AfmipEHw-VPNKd9GGud1RDVtP8jMX0zSGCGLKsrK8LiPoBGPagARv-cGj4dfdtf0Aop58oh0VNZoN505jdt9Ukg0gydzV3tvQKrBNricuu9hdnL2Z_OO_DOBV9UIqDAuFrWVcr3_rR2YSkT7Tl_oCXb0qTD6dosy_xq6OE' . passed
* def requestbody = ....................................................... passed
* def requestartist = ..................................................... passed
Given driver "https://open.spotify.com/" .................................. passed
And maximize() ............................................................ passed
And delay(2000) ........................................................... passed
When click("//div[@class='ButtonInner-sc-14ud5tc-0 iebPZv encore-inverted-light-set']") . passed
And delay(2000) ........................................................... passed
When click("//input[@id='login-username']") ............................... passed
And input("//input[@id='login-username']" , 'emre.ozturk@testinium.com') .. passed
And delay(3000) ........................................................... passed
And click("//input[@id='login-password']") ................................ passed
And input("//input[@id='login-password']" , '8898emre') ................... passed
And delay(2000) ........................................................... passed
When click("//div[@class='ButtonInner-sc-14ud5tc-0 lbsIMA encore-bright-accent-set']") . passed
And delay(8000) ........................................................... passed
And url 'https://api.spotify.com/v1' ...................................... passed
And path 'playlists/2CgKrhV28s5E0ugxaflVC6/followers' ..................... passed
And header Authorization = token .......................................... passed
And header Content-Type = 'application/json' .............................. passed
And request requestbody ................................................... passed
When method PUT ........................................................... passed
And url 'https://api.spotify.com/v1' ...................................... passed
And path 'playlists/2CgKrhV28s5E0ugxaflVC6/tracks' ........................ passed
And header Authorization = token .......................................... passed
And header Content-Type = 'application/json' .............................. passed
And click("//div[@class='AINMAUImkAYJd4ertQxy']") ......................... passed
And delay(1000) ........................................................... passed
And click("//button[@class='Fm7C3gdh5Lsc9qSXrQwO tGKwoPuvNBNK3TzCS5OH']") . passed
And delay(1000) ........................................................... passed
And scroll("//div[@class='Type__TypeElement-goli3j-0 fCtMzo t_yrXoUO3qGsJS4Y6iXX standalone-ellipsis-one-line' and text()='Freedom']") . passed
And delay(4000) ........................................................... passed
And url 'https://api.spotify.com/v1' ...................................... passed
And path 'me/following?type=artist' ....................................... passed
And header Authorization = token .......................................... passed
And header Content-Type = 'application/json' .............................. passed
And request requestartist ................................................. passed
When method PUT ........................................................... passed
When click("//span[@class='Type__TypeElement-goli3j-0 eHCcSU ellipsis-one-line']") . passed
And delay(2000) ........................................................... passed
And click("//a[@href='/search']") ......................................... passed
And delay(2000) ........................................................... passed
When click("//input[@class='Type__TypeElement-goli3j-0 ebHsEf QO9loc33XC50mMRUCIvf']") . passed
And delay(2000) ........................................................... passed
And input("//input[@class='Type__TypeElement-goli3j-0 ebHsEf QO9loc33XC50mMRUCIvf']" , 'Camila Cabello') . passed
And delay(3000) ........................................................... passed
When click("//button[@class='T0anrkk_QA4IAQL29get mYN_ST1TsDdC6q1k1_xs']") . passed
And delay(1000) ........................................................... passed
And click("//div[@class='Type__TypeElement-goli3j-0 fQToy nk6UgB4GUYNoAcPtAQaG']") . passed
And delay(2000) ........................................................... passed
And scroll("//div[@class='Type__TypeElement-goli3j-0 dhAODk' and text()='See more']") . passed
And delay(2000) ........................................................... passed
And click("//button[@aria-label='Camila Cabello, Young Thug - Havana (feat. Young Thug) için diğer seçenekler']") . passed
And delay(2000) ........................................................... passed
And click("//span[@class='Type__TypeElement-goli3j-0 ebHsEf ellipsis-one-line' and text()='Çalma listesine ekle']") . passed
And delay(2000) ........................................................... passed
And click("//span[@class='Type__TypeElement-goli3j-0 ebHsEf ellipsis-one-line PDPsYDh4ntfQE3B4duUI' and text()='Mentorlabs Faz2']") . passed
And delay(2000) ........................................................... passed
And click("//div[@class'hOWUEV7wHgfYPPLcnNXt']") .......................... passed
And delay(2000) ........................................................... passed
And click("//button[@data-testid='user-widget-dropdown-logout']]") ........ passed
Then delay(2000) .......................................................... passed</system-out>
  </testcase>
</testsuite>
